0 info it worked if it ends with ok
1 verbose cli [ '/usr/local/bin/node',
1 verbose cli   '/usr/local/bin/npm',
1 verbose cli   'install',
1 verbose cli   'ngCordova' ]
2 info using npm@2.11.3
3 info using node@v0.12.7
4 verbose install initial load of /Users/macuser/legacy/silverSquirrels/Mobile/hikeOverflow/package.json
5 warn package.json hikespert@1.1.1 No repository field.
6 warn package.json hikespert@1.1.1 No README data
7 warn package.json hikespert@1.1.1 No license field.
8 verbose installManyTop reading scoped package data from /Users/macuser/legacy/silverSquirrels/Mobile/hikeOverflow/node_modules/bcrypt-nodejs/package.json
9 verbose installManyTop reading scoped package data from /Users/macuser/legacy/silverSquirrels/Mobile/hikeOverflow/node_modules/bluebird/package.json
10 verbose installManyTop reading scoped package data from /Users/macuser/legacy/silverSquirrels/Mobile/hikeOverflow/node_modules/body-parser/package.json
11 verbose installManyTop reading scoped package data from /Users/macuser/legacy/silverSquirrels/Mobile/hikeOverflow/node_modules/bower/package.json
12 verbose installManyTop reading scoped package data from /Users/macuser/legacy/silverSquirrels/Mobile/hikeOverflow/node_modules/chai/package.json
13 verbose installManyTop reading scoped package data from /Users/macuser/legacy/silverSquirrels/Mobile/hikeOverflow/node_modules/cors/package.json
14 verbose installManyTop reading scoped package data from /Users/macuser/legacy/silverSquirrels/Mobile/hikeOverflow/node_modules/dotenv/package.json
15 verbose installManyTop reading scoped package data from /Users/macuser/legacy/silverSquirrels/Mobile/hikeOverflow/node_modules/express/package.json
16 verbose installManyTop reading scoped package data from /Users/macuser/legacy/silverSquirrels/Mobile/hikeOverflow/node_modules/gulp-util/package.json
17 verbose installManyTop reading scoped package data from /Users/macuser/legacy/silverSquirrels/Mobile/hikeOverflow/node_modules/jwt-simple/package.json
18 verbose installManyTop reading scoped package data from /Users/macuser/legacy/silverSquirrels/Mobile/hikeOverflow/node_modules/mocha/package.json
19 verbose installManyTop reading scoped package data from /Users/macuser/legacy/silverSquirrels/Mobile/hikeOverflow/node_modules/mongoose/package.json
20 verbose installManyTop reading scoped package data from /Users/macuser/legacy/silverSquirrels/Mobile/hikeOverflow/node_modules/morgan/package.json
21 verbose installManyTop reading scoped package data from /Users/macuser/legacy/silverSquirrels/Mobile/hikeOverflow/node_modules/q/package.json
22 verbose installManyTop reading scoped package data from /Users/macuser/legacy/silverSquirrels/Mobile/hikeOverflow/node_modules/request/package.json
23 verbose installManyTop reading scoped package data from /Users/macuser/legacy/silverSquirrels/Mobile/hikeOverflow/node_modules/shelljs/package.json
24 verbose installManyTop reading scoped package data from /Users/macuser/legacy/silverSquirrels/Mobile/hikeOverflow/node_modules/unirest/package.json
25 info package.json gulp-util@2.2.20 No license field.
26 info package.json q@1.4.1 license should be a valid SPDX license expression
27 info package.json shelljs@0.3.0 license should be a valid SPDX license expression
28 info package.json bcrypt-nodejs@0.0.3 No license field.
29 verbose readDependencies loading dependencies from /Users/macuser/legacy/silverSquirrels/Mobile/hikeOverflow/package.json
30 silly cache add args [ 'ngCordova', null ]
31 verbose cache add spec ngCordova
32 silly cache add parsed spec { raw: 'ngCordova',
32 silly cache add   scope: null,
32 silly cache add   name: 'ngCordova',
32 silly cache add   rawSpec: '',
32 silly cache add   spec: '*',
32 silly cache add   type: 'range' }
33 silly addNamed ngCordova@*
34 verbose addNamed "*" is a valid semver range for ngCordova
35 silly addNameRange { name: 'ngCordova', range: '*', hasData: false }
36 silly mapToRegistry name ngCordova
37 silly mapToRegistry using default registry
38 silly mapToRegistry registry https://registry.npmjs.org/
39 silly mapToRegistry uri https://registry.npmjs.org/ngCordova
40 verbose addNameRange registry:https://registry.npmjs.org/ngCordova not in flight; fetching
41 verbose request uri https://registry.npmjs.org/ngCordova
42 verbose request no auth needed
43 info attempt registry request try #1 at 8:30:14 PM
44 verbose request id 5931c300315e0191
45 http request GET https://registry.npmjs.org/ngCordova
46 http 404 https://registry.npmjs.org/ngCordova
47 verbose headers { 'content-type': 'application/json',
47 verbose headers   'cache-control': 'max-age=0',
47 verbose headers   'content-length': '2',
47 verbose headers   'accept-ranges': 'bytes',
47 verbose headers   date: 'Sun, 06 Mar 2016 01:30:15 GMT',
47 verbose headers   via: '1.1 varnish',
47 verbose headers   age: '0',
47 verbose headers   connection: 'keep-alive',
47 verbose headers   'x-served-by': 'cache-iad2148-IAD',
47 verbose headers   'x-cache': 'MISS',
47 verbose headers   'x-cache-hits': '0',
47 verbose headers   'x-timer': 'S1457227814.978974,VS0,VE83' }
48 silly get cb [ 404,
48 silly get   { 'content-type': 'application/json',
48 silly get     'cache-control': 'max-age=0',
48 silly get     'content-length': '2',
48 silly get     'accept-ranges': 'bytes',
48 silly get     date: 'Sun, 06 Mar 2016 01:30:15 GMT',
48 silly get     via: '1.1 varnish',
48 silly get     age: '0',
48 silly get     connection: 'keep-alive',
48 silly get     'x-served-by': 'cache-iad2148-IAD',
48 silly get     'x-cache': 'MISS',
48 silly get     'x-cache-hits': '0',
48 silly get     'x-timer': 'S1457227814.978974,VS0,VE83' } ]
49 verbose stack Error: Registry returned 404 for GET on https://registry.npmjs.org/ngCordova
49 verbose stack     at CachingRegistryClient.<anonymous> (/usr/local/lib/node_modules/npm/node_modules/npm-registry-client/lib/request.js:239:14)
49 verbose stack     at Request._callback (/usr/local/lib/node_modules/npm/node_modules/npm-registry-client/lib/request.js:170:14)
49 verbose stack     at Request.self.callback (/usr/local/lib/node_modules/npm/node_modules/request/request.js:354:22)
49 verbose stack     at Request.emit (events.js:110:17)
49 verbose stack     at Request.<anonymous> (/usr/local/lib/node_modules/npm/node_modules/request/request.js:1207:14)
49 verbose stack     at Request.emit (events.js:129:20)
49 verbose stack     at IncomingMessage.<anonymous> (/usr/local/lib/node_modules/npm/node_modules/request/request.js:1153:12)
49 verbose stack     at IncomingMessage.emit (events.js:129:20)
49 verbose stack     at _stream_readable.js:908:16
49 verbose stack     at process._tickCallback (node.js:355:11)
50 verbose statusCode 404
51 verbose pkgid ngCordova
52 verbose cwd /Users/macuser/legacy/silverSquirrels/Mobile/hikeOverflow/www
53 error Darwin 14.3.0
54 error argv "/usr/local/bin/node" "/usr/local/bin/npm" "install" "ngCordova"
55 error node v0.12.7
56 error npm  v2.11.3
57 error code E404
58 error 404 Registry returned 404 for GET on https://registry.npmjs.org/ngCordova
58 error 404
58 error 404 'ngCordova' is not in the npm registry.
58 error 404 Your package name is not valid, because
58 error 404
58 error 404  1. name can no longer contain capital letters
58 error 404 It was specified as a dependency of 'hikespert'
58 error 404
58 error 404 Note that you can also install from a
58 error 404 tarball, folder, http url, or git url.
59 verbose exit [ 1, true ]
